# Logfile created on 2013-08-29 21:50:15 +0600 by logger.rb/31641
I, [2013-08-29T21:50:15.095696 #5993]  INFO -- : ---====== S T A R T E D =====---
I, [2013-08-29T21:51:10.879334 #5995]  INFO -- : ---====== S T A R T E D =====---
I, [2013-08-29T21:51:24.280348 #5997]  INFO -- : ---====== S T A R T E D =====---
I, [2013-08-29T21:59:32.812564 #6090]  INFO -- : ---====== S T A R T E D =====---
I, [2013-08-29T22:00:20.414575 #6092]  INFO -- : ---====== S T A R T E D =====---
I, [2013-08-29T22:00:55.589471 #6094]  INFO -- : ---====== S T A R T E D =====---
I, [2013-08-29T22:14:02.046064 #6483]  INFO -- : ---====== S T A R T E D =====---
I, [2013-08-29T22:14:42.892205 #6486]  INFO -- : ---====== S T A R T E D =====---
I, [2013-08-29T22:14:56.814164 #6488]  INFO -- : ---====== S T A R T E D =====---
I, [2013-08-29T22:37:52.688159 #7095]  INFO -- : ---====== S T A R T E D =====---
I, [2013-08-29T22:38:09.192307 #7097]  INFO -- : ---====== S T A R T E D =====---
I, [2013-08-29T22:41:29.092205 #7154]  INFO -- : ---====== S T A R T E D =====---
I, [2013-08-29T22:42:51.029556 #7183]  INFO -- : ---====== S T A R T E D =====---
I, [2013-08-29T22:43:17.692529 #7185]  INFO -- : ---====== S T A R T E D =====---
I, [2013-08-29T22:46:36.542293 #7261]  INFO -- : ---====== S T A R T E D =====---
I, [2013-08-29T22:47:13.250167 #7263]  INFO -- : ---====== S T A R T E D =====---
I, [2013-08-29T22:47:22.993087 #7263]  INFO -- : 29.8.2013
I, [2013-08-29T22:47:22.993491 #7263]  INFO -- : [0, 0, 0, 400, 0, 0, 0]
I, [2013-08-29T22:49:48.841124 #7325]  INFO -- : ---====== S T A R T E D =====---
I, [2013-08-29T22:49:49.262864 #7325]  INFO -- : 1
I, [2013-08-29T22:49:49.263329 #7325]  INFO -- : 1
I, [2013-08-29T22:49:49.263772 #7325]  INFO -- : 1
I, [2013-08-29T22:49:49.264207 #7325]  INFO -- : 1
I, [2013-08-29T22:49:49.264550 #7325]  INFO -- : 1
I, [2013-08-29T22:49:49.264933 #7325]  INFO -- : 1
I, [2013-08-29T22:49:49.265267 #7325]  INFO -- : 1
I, [2013-08-29T22:49:49.265675 #7325]  INFO -- : 1
I, [2013-08-29T22:49:49.266013 #7325]  INFO -- : 1
I, [2013-08-29T22:49:49.266347 #7325]  INFO -- : 1
I, [2013-08-29T22:49:49.266735 #7325]  INFO -- : 1
I, [2013-08-29T22:49:49.267068 #7325]  INFO -- : 1
I, [2013-08-29T22:49:49.267439 #7325]  INFO -- : 1
I, [2013-08-29T22:49:49.267835 #7325]  INFO -- : 1
I, [2013-08-29T22:49:49.268210 #7325]  INFO -- : 1
I, [2013-08-29T22:49:49.268565 #7325]  INFO -- : 1
I, [2013-08-29T22:49:49.268896 #7325]  INFO -- : 1
I, [2013-08-29T22:49:49.269229 #7325]  INFO -- : 1
I, [2013-08-29T22:49:49.269631 #7325]  INFO -- : 1
I, [2013-08-29T22:49:49.269961 #7325]  INFO -- : 1
I, [2013-08-29T22:49:49.764637 #7325]  INFO -- : 2
I, [2013-08-29T22:49:49.765087 #7325]  INFO -- : 2
I, [2013-08-29T22:49:49.765442 #7325]  INFO -- : 2
I, [2013-08-29T22:49:49.765781 #7325]  INFO -- : 2
I, [2013-08-29T22:49:49.766114 #7325]  INFO -- : 2
I, [2013-08-29T22:49:49.766512 #7325]  INFO -- : 2
I, [2013-08-29T22:49:49.766844 #7325]  INFO -- : 2
I, [2013-08-29T22:49:49.767172 #7325]  INFO -- : 2
I, [2013-08-29T22:49:49.767516 #7325]  INFO -- : 2
I, [2013-08-29T22:49:49.767867 #7325]  INFO -- : 2
I, [2013-08-29T22:49:49.768201 #7325]  INFO -- : 2
I, [2013-08-29T22:49:49.768550 #7325]  INFO -- : 2
I, [2013-08-29T22:49:49.768877 #7325]  INFO -- : 2
I, [2013-08-29T22:49:49.769204 #7325]  INFO -- : 2
I, [2013-08-29T22:49:49.769548 #7325]  INFO -- : 2
I, [2013-08-29T22:49:49.769876 #7325]  INFO -- : 2
I, [2013-08-29T22:49:49.770202 #7325]  INFO -- : 2
I, [2013-08-29T22:49:49.770545 #7325]  INFO -- : 2
I, [2013-08-29T22:49:49.770872 #7325]  INFO -- : 2
I, [2013-08-29T22:49:49.771297 #7325]  INFO -- : 2
I, [2013-08-29T22:49:50.264484 #7325]  INFO -- : 3
I, [2013-08-29T22:49:50.264974 #7325]  INFO -- : 3
I, [2013-08-29T22:49:50.265396 #7325]  INFO -- : 3
I, [2013-08-29T22:49:50.265791 #7325]  INFO -- : 3
I, [2013-08-29T22:49:50.266179 #7325]  INFO -- : 3
I, [2013-08-29T22:49:50.266589 #7325]  INFO -- : 3
I, [2013-08-29T22:49:50.266938 #7325]  INFO -- : 3
I, [2013-08-29T22:49:50.267292 #7325]  INFO -- : 3
I, [2013-08-29T22:49:50.267622 #7325]  INFO -- : 3
I, [2013-08-29T22:49:50.267927 #7325]  INFO -- : 3
I, [2013-08-29T22:49:50.268100 #7325]  INFO -- : 3
I, [2013-08-29T22:49:50.268243 #7325]  INFO -- : 3
I, [2013-08-29T22:49:50.268384 #7325]  INFO -- : 3
I, [2013-08-29T22:49:50.268549 #7325]  INFO -- : 3
I, [2013-08-29T22:49:50.268688 #7325]  INFO -- : 3
I, [2013-08-29T22:49:50.268819 #7325]  INFO -- : 3
I, [2013-08-29T22:49:50.268962 #7325]  INFO -- : 3
I, [2013-08-29T22:49:50.269092 #7325]  INFO -- : 3
I, [2013-08-29T22:49:50.269223 #7325]  INFO -- : 3
I, [2013-08-29T22:49:50.269377 #7325]  INFO -- : 3
I, [2013-08-29T22:49:50.781592 #7325]  INFO -- : 4
I, [2013-08-29T22:49:50.782034 #7325]  INFO -- : 4
I, [2013-08-29T22:49:50.782387 #7325]  INFO -- : 4
I, [2013-08-29T22:49:50.782773 #7325]  INFO -- : 4
I, [2013-08-29T22:49:50.783111 #7325]  INFO -- : 4
I, [2013-08-29T22:49:50.783496 #7325]  INFO -- : 4
I, [2013-08-29T22:49:50.783891 #7325]  INFO -- : 4
I, [2013-08-29T22:49:50.784029 #7325]  INFO -- : 4
I, [2013-08-29T22:49:50.784180 #7325]  INFO -- : 4
I, [2013-08-29T22:49:50.784312 #7325]  INFO -- : 4
I, [2013-08-29T22:49:50.784443 #7325]  INFO -- : 4
I, [2013-08-29T22:49:50.784586 #7325]  INFO -- : 4
I, [2013-08-29T22:49:50.784718 #7325]  INFO -- : 4
I, [2013-08-29T22:49:50.784856 #7325]  INFO -- : 4
I, [2013-08-29T22:49:50.784993 #7325]  INFO -- : 4
I, [2013-08-29T22:49:50.785134 #7325]  INFO -- : 4
I, [2013-08-29T22:49:50.785266 #7325]  INFO -- : 4
I, [2013-08-29T22:49:50.785398 #7325]  INFO -- : 4
I, [2013-08-29T22:49:50.785542 #7325]  INFO -- : 4
I, [2013-08-29T22:49:50.785673 #7325]  INFO -- : 4
I, [2013-08-29T22:49:51.267019 #7325]  INFO -- : 5
I, [2013-08-29T22:49:51.267449 #7325]  INFO -- : 5
I, [2013-08-29T22:49:51.267984 #7325]  INFO -- : 5
I, [2013-08-29T22:49:51.268383 #7325]  INFO -- : 5
I, [2013-08-29T22:49:51.268781 #7325]  INFO -- : 5
I, [2013-08-29T22:49:51.269141 #7325]  INFO -- : 5
I, [2013-08-29T22:49:51.269472 #7325]  INFO -- : 5
I, [2013-08-29T22:49:51.269842 #7325]  INFO -- : 5
I, [2013-08-29T22:49:51.270172 #7325]  INFO -- : 5
I, [2013-08-29T22:49:51.270530 #7325]  INFO -- : 5
I, [2013-08-29T22:49:51.270898 #7325]  INFO -- : 5
I, [2013-08-29T22:49:51.271228 #7325]  INFO -- : 5
I, [2013-08-29T22:49:51.271583 #7325]  INFO -- : 5
I, [2013-08-29T22:49:51.271940 #7325]  INFO -- : 5
I, [2013-08-29T22:49:51.272286 #7325]  INFO -- : 5
I, [2013-08-29T22:49:51.272613 #7325]  INFO -- : 5
I, [2013-08-29T22:49:51.272985 #7325]  INFO -- : 5
I, [2013-08-29T22:49:51.273342 #7325]  INFO -- : 5
I, [2013-08-29T22:49:51.273671 #7325]  INFO -- : 5
I, [2013-08-29T22:49:51.273999 #7325]  INFO -- : 5
I, [2013-08-29T22:49:51.757526 #7325]  INFO -- : 6
I, [2013-08-29T22:49:51.758021 #7325]  INFO -- : 6
I, [2013-08-29T22:49:51.758430 #7325]  INFO -- : 6
I, [2013-08-29T22:49:51.758768 #7325]  INFO -- : 6
I, [2013-08-29T22:49:51.759160 #7325]  INFO -- : 6
I, [2013-08-29T22:49:51.759547 #7325]  INFO -- : 6
I, [2013-08-29T22:49:51.759902 #7325]  INFO -- : 6
I, [2013-08-29T22:49:51.760235 #7325]  INFO -- : 6
I, [2013-08-29T22:49:51.760599 #7325]  INFO -- : 6
I, [2013-08-29T22:49:51.760926 #7325]  INFO -- : 6
I, [2013-08-29T22:49:51.761251 #7325]  INFO -- : 6
I, [2013-08-29T22:49:51.761613 #7325]  INFO -- : 6
I, [2013-08-29T22:49:51.761938 #7325]  INFO -- : 6
I, [2013-08-29T22:49:51.762302 #7325]  INFO -- : 6
I, [2013-08-29T22:49:51.762629 #7325]  INFO -- : 6
I, [2013-08-29T22:49:51.762951 #7325]  INFO -- : 6
I, [2013-08-29T22:49:51.763314 #7325]  INFO -- : 6
I, [2013-08-29T22:49:51.763637 #7325]  INFO -- : 6
I, [2013-08-29T22:49:51.764111 #7325]  INFO -- : 6
I, [2013-08-29T22:49:51.764450 #7325]  INFO -- : 6
I, [2013-08-29T22:49:52.283471 #7325]  INFO -- : 7
I, [2013-08-29T22:49:52.284128 #7325]  INFO -- : 7
I, [2013-08-29T22:49:52.284572 #7325]  INFO -- : 7
I, [2013-08-29T22:49:52.285008 #7325]  INFO -- : 7
I, [2013-08-29T22:49:52.285489 #7325]  INFO -- : 7
I, [2013-08-29T22:49:52.285943 #7325]  INFO -- : 7
I, [2013-08-29T22:49:52.286330 #7325]  INFO -- : 7
I, [2013-08-29T22:49:52.286721 #7325]  INFO -- : 7
I, [2013-08-29T22:49:52.287149 #7325]  INFO -- : 7
I, [2013-08-29T22:49:52.287531 #7325]  INFO -- : 7
I, [2013-08-29T22:49:52.287960 #7325]  INFO -- : 7
I, [2013-08-29T22:49:52.288408 #7325]  INFO -- : 7
I, [2013-08-29T22:49:52.288894 #7325]  INFO -- : 7
I, [2013-08-29T22:49:52.289278 #7325]  INFO -- : 7
I, [2013-08-29T22:49:52.289697 #7325]  INFO -- : 7
I, [2013-08-29T22:49:52.290076 #7325]  INFO -- : 7
I, [2013-08-29T22:49:52.290456 #7325]  INFO -- : 7
I, [2013-08-29T22:49:52.290873 #7325]  INFO -- : 7
I, [2013-08-29T22:49:52.291249 #7325]  INFO -- : 7
I, [2013-08-29T22:49:52.291661 #7325]  INFO -- : 7
I, [2013-08-29T22:49:52.778631 #7325]  INFO -- : 8
I, [2013-08-29T22:49:52.779176 #7325]  INFO -- : 8
I, [2013-08-29T22:49:52.779531 #7325]  INFO -- : 8
I, [2013-08-29T22:49:52.779951 #7325]  INFO -- : 8
I, [2013-08-29T22:49:52.780291 #7325]  INFO -- : 8
I, [2013-08-29T22:49:52.780736 #7325]  INFO -- : 8
I, [2013-08-29T22:49:52.781108 #7325]  INFO -- : 8
I, [2013-08-29T22:49:52.781435 #7325]  INFO -- : 8
I, [2013-08-29T22:49:52.781765 #7325]  INFO -- : 8
I, [2013-08-29T22:49:52.782112 #7325]  INFO -- : 8
I, [2013-08-29T22:49:52.782457 #7325]  INFO -- : 8
I, [2013-08-29T22:49:52.782821 #7325]  INFO -- : 8
I, [2013-08-29T22:49:52.783144 #7325]  INFO -- : 8
I, [2013-08-29T22:49:52.783469 #7325]  INFO -- : 8
I, [2013-08-29T22:49:52.783853 #7325]  INFO -- : 8
I, [2013-08-29T22:49:52.784183 #7325]  INFO -- : 8
I, [2013-08-29T22:49:52.784506 #7325]  INFO -- : 8
I, [2013-08-29T22:49:52.784872 #7325]  INFO -- : 8
I, [2013-08-29T22:49:52.785198 #7325]  INFO -- : 8
I, [2013-08-29T22:49:52.785559 #7325]  INFO -- : 8
I, [2013-08-29T22:49:53.343006 #7325]  INFO -- : 9
I, [2013-08-29T22:49:53.343488 #7325]  INFO -- : 9
I, [2013-08-29T22:49:53.343981 #7325]  INFO -- : 9
I, [2013-08-29T22:49:53.344333 #7325]  INFO -- : 9
I, [2013-08-29T22:49:53.344762 #7325]  INFO -- : 9
I, [2013-08-29T22:49:53.345143 #7325]  INFO -- : 9
I, [2013-08-29T22:49:53.345469 #7325]  INFO -- : 9
I, [2013-08-29T22:49:53.345836 #7325]  INFO -- : 9
I, [2013-08-29T22:49:53.346160 #7325]  INFO -- : 9
I, [2013-08-29T22:49:53.346529 #7325]  INFO -- : 9
I, [2013-08-29T22:49:53.346854 #7325]  INFO -- : 9
I, [2013-08-29T22:49:53.347176 #7325]  INFO -- : 9
I, [2013-08-29T22:49:53.347532 #7325]  INFO -- : 9
I, [2013-08-29T22:49:53.347879 #7325]  INFO -- : 9
I, [2013-08-29T22:49:53.348234 #7325]  INFO -- : 9
I, [2013-08-29T22:49:53.348584 #7325]  INFO -- : 9
I, [2013-08-29T22:49:53.348946 #7325]  INFO -- : 9
I, [2013-08-29T22:49:53.349269 #7325]  INFO -- : 9
I, [2013-08-29T22:49:53.349592 #7325]  INFO -- : 9
I, [2013-08-29T22:49:53.349951 #7325]  INFO -- : 9
I, [2013-08-29T22:49:53.765961 #7325]  INFO -- : 10
I, [2013-08-29T22:49:53.766491 #7325]  INFO -- : 10
I, [2013-08-29T22:49:53.766842 #7325]  INFO -- : 10
I, [2013-08-29T22:49:53.767222 #7325]  INFO -- : 10
I, [2013-08-29T22:49:53.772761 #7325]  INFO -- : 10
I, [2013-08-29T22:49:53.772932 #7325]  INFO -- : 10
I, [2013-08-29T22:49:53.773081 #7325]  INFO -- : 10
I, [2013-08-29T22:49:53.773228 #7325]  INFO -- : 10
I, [2013-08-29T22:49:53.773401 #7325]  INFO -- : 10
I, [2013-08-29T22:49:53.773540 #7325]  INFO -- : 10
I, [2013-08-29T22:49:53.773689 #7325]  INFO -- : 10
I, [2013-08-29T22:49:53.773835 #7325]  INFO -- : 10
I, [2013-08-29T22:49:53.773971 #7325]  INFO -- : 10
I, [2013-08-29T22:49:53.774103 #7325]  INFO -- : 10
I, [2013-08-29T22:49:53.774254 #7325]  INFO -- : 10
I, [2013-08-29T22:49:53.774403 #7325]  INFO -- : 10
I, [2013-08-29T22:49:53.774538 #7325]  INFO -- : 10
I, [2013-08-29T22:49:53.774689 #7325]  INFO -- : 10
I, [2013-08-29T22:49:53.774822 #7325]  INFO -- : 10
I, [2013-08-29T22:49:53.774952 #7325]  INFO -- : 10
I, [2013-08-29T22:49:54.257721 #7325]  INFO -- : 11
I, [2013-08-29T22:49:54.258166 #7325]  INFO -- : 11
I, [2013-08-29T22:49:54.258520 #7325]  INFO -- : 11
I, [2013-08-29T22:49:54.258864 #7325]  INFO -- : 11
I, [2013-08-29T22:49:54.259202 #7325]  INFO -- : 11
I, [2013-08-29T22:49:54.259538 #7325]  INFO -- : 11
I, [2013-08-29T22:49:54.260002 #7325]  INFO -- : 11
I, [2013-08-29T22:49:54.260340 #7325]  INFO -- : 11
I, [2013-08-29T22:49:54.260673 #7325]  INFO -- : 11
I, [2013-08-29T22:49:54.261005 #7325]  INFO -- : 11
I, [2013-08-29T22:49:54.261368 #7325]  INFO -- : 11
I, [2013-08-29T22:49:54.261701 #7325]  INFO -- : 11
I, [2013-08-29T22:49:54.262035 #7325]  INFO -- : 11
I, [2013-08-29T22:49:54.262369 #7325]  INFO -- : 11
I, [2013-08-29T22:49:54.262703 #7325]  INFO -- : 11
I, [2013-08-29T22:49:54.263033 #7325]  INFO -- : 11
I, [2013-08-29T22:49:54.263402 #7325]  INFO -- : 11
I, [2013-08-29T22:49:54.263861 #7325]  INFO -- : 11
I, [2013-08-29T22:49:54.264000 #7325]  INFO -- : 11
I, [2013-08-29T22:49:54.264134 #7325]  INFO -- : 11
I, [2013-08-29T22:49:54.763484 #7325]  INFO -- : 12
I, [2013-08-29T22:49:54.763989 #7325]  INFO -- : 12
I, [2013-08-29T22:49:54.764343 #7325]  INFO -- : 12
I, [2013-08-29T22:49:54.764682 #7325]  INFO -- : 12
I, [2013-08-29T22:49:54.765017 #7325]  INFO -- : 12
I, [2013-08-29T22:49:54.765414 #7325]  INFO -- : 12
I, [2013-08-29T22:49:54.765748 #7325]  INFO -- : 12
I, [2013-08-29T22:49:54.766194 #7325]  INFO -- : 12
I, [2013-08-29T22:49:54.766534 #7325]  INFO -- : 12
I, [2013-08-29T22:49:54.766864 #7325]  INFO -- : 12
I, [2013-08-29T22:49:54.767194 #7325]  INFO -- : 12
I, [2013-08-29T22:49:54.767522 #7325]  INFO -- : 12
I, [2013-08-29T22:49:54.767881 #7325]  INFO -- : 12
I, [2013-08-29T22:49:54.768025 #7325]  INFO -- : 12
I, [2013-08-29T22:49:54.768161 #7325]  INFO -- : 12
I, [2013-08-29T22:49:54.768305 #7325]  INFO -- : 12
I, [2013-08-29T22:49:54.768456 #7325]  INFO -- : 12
I, [2013-08-29T22:49:54.768596 #7325]  INFO -- : 12
I, [2013-08-29T22:49:54.768730 #7325]  INFO -- : 12
I, [2013-08-29T22:49:54.768863 #7325]  INFO -- : 12
I, [2013-08-29T22:49:55.264504 #7325]  INFO -- : 13
I, [2013-08-29T22:49:55.264940 #7325]  INFO -- : 13
I, [2013-08-29T22:49:55.265290 #7325]  INFO -- : 13
I, [2013-08-29T22:49:55.265632 #7325]  INFO -- : 13
I, [2013-08-29T22:49:55.265967 #7325]  INFO -- : 13
I, [2013-08-29T22:49:55.266299 #7325]  INFO -- : 13
I, [2013-08-29T22:49:55.266683 #7325]  INFO -- : 13
I, [2013-08-29T22:49:55.267014 #7325]  INFO -- : 13
I, [2013-08-29T22:49:55.267343 #7325]  INFO -- : 13
I, [2013-08-29T22:49:55.267800 #7325]  INFO -- : 13
I, [2013-08-29T22:49:55.268142 #7325]  INFO -- : 13
I, [2013-08-29T22:49:55.268475 #7325]  INFO -- : 13
I, [2013-08-29T22:49:55.268804 #7325]  INFO -- : 13
I, [2013-08-29T22:49:55.269130 #7325]  INFO -- : 13
I, [2013-08-29T22:49:55.269460 #7325]  INFO -- : 13
I, [2013-08-29T22:49:55.269790 #7325]  INFO -- : 13
I, [2013-08-29T22:49:55.270118 #7325]  INFO -- : 13
I, [2013-08-29T22:49:55.270448 #7325]  INFO -- : 13
I, [2013-08-29T22:49:55.270776 #7325]  INFO -- : 13
I, [2013-08-29T22:49:55.271103 #7325]  INFO -- : 13
I, [2013-08-29T22:49:55.756914 #7325]  INFO -- : 14
I, [2013-08-29T22:49:55.757354 #7325]  INFO -- : 14
I, [2013-08-29T22:49:55.757701 #7325]  INFO -- : 14
I, [2013-08-29T22:49:55.758034 #7325]  INFO -- : 14
I, [2013-08-29T22:49:55.758365 #7325]  INFO -- : 14
I, [2013-08-29T22:49:55.758695 #7325]  INFO -- : 14
I, [2013-08-29T22:49:55.759079 #7325]  INFO -- : 14
I, [2013-08-29T22:49:55.759413 #7325]  INFO -- : 14
I, [2013-08-29T22:49:55.759832 #7325]  INFO -- : 14
I, [2013-08-29T22:49:55.760184 #7325]  INFO -- : 14
I, [2013-08-29T22:49:55.760515 #7325]  INFO -- : 14
I, [2013-08-29T22:49:55.760845 #7325]  INFO -- : 14
I, [2013-08-29T22:49:55.761171 #7325]  INFO -- : 14
I, [2013-08-29T22:49:55.761500 #7325]  INFO -- : 14
I, [2013-08-29T22:49:55.761828 #7325]  INFO -- : 14
I, [2013-08-29T22:49:55.762155 #7325]  INFO -- : 14
I, [2013-08-29T22:49:55.762482 #7325]  INFO -- : 14
I, [2013-08-29T22:49:55.762807 #7325]  INFO -- : 14
I, [2013-08-29T22:49:55.763133 #7325]  INFO -- : 14
I, [2013-08-29T22:49:55.763463 #7325]  INFO -- : 14
I, [2013-08-29T22:49:56.284024 #7325]  INFO -- : 15
I, [2013-08-29T22:49:56.284466 #7325]  INFO -- : 15
I, [2013-08-29T22:49:56.284815 #7325]  INFO -- : 15
I, [2013-08-29T22:49:56.285153 #7325]  INFO -- : 15
I, [2013-08-29T22:49:56.285487 #7325]  INFO -- : 15
I, [2013-08-29T22:49:56.285817 #7325]  INFO -- : 15
I, [2013-08-29T22:49:56.286200 #7325]  INFO -- : 15
I, [2013-08-29T22:49:56.286531 #7325]  INFO -- : 15
I, [2013-08-29T22:49:56.286892 #7325]  INFO -- : 15
I, [2013-08-29T22:49:56.287221 #7325]  INFO -- : 15
I, [2013-08-29T22:49:56.290366 #7325]  INFO -- : 15
I, [2013-08-29T22:49:56.290779 #7325]  INFO -- : 15
I, [2013-08-29T22:49:56.291117 #7325]  INFO -- : 15
I, [2013-08-29T22:49:56.291511 #7325]  INFO -- : 15
I, [2013-08-29T22:49:56.291885 #7325]  INFO -- : 15
I, [2013-08-29T22:49:56.292021 #7325]  INFO -- : 15
I, [2013-08-29T22:49:56.292173 #7325]  INFO -- : 15
I, [2013-08-29T22:49:56.292303 #7325]  INFO -- : 15
I, [2013-08-29T22:49:56.292448 #7325]  INFO -- : 15
I, [2013-08-29T22:49:56.292579 #7325]  INFO -- : 15
I, [2013-08-29T22:49:56.763475 #7325]  INFO -- : 16
I, [2013-08-29T22:49:56.764050 #7325]  INFO -- : 16
I, [2013-08-29T22:49:56.764452 #7325]  INFO -- : 16
I, [2013-08-29T22:49:56.764790 #7325]  INFO -- : 16
I, [2013-08-29T22:49:56.765155 #7325]  INFO -- : 16
I, [2013-08-29T22:49:56.765613 #7325]  INFO -- : 16
I, [2013-08-29T22:49:56.765942 #7325]  INFO -- : 16
I, [2013-08-29T22:49:56.766300 #7325]  INFO -- : 16
I, [2013-08-29T22:49:56.766625 #7325]  INFO -- : 16
I, [2013-08-29T22:49:56.766972 #7325]  INFO -- : 16
I, [2013-08-29T22:49:56.767323 #7325]  INFO -- : 16
I, [2013-08-29T22:49:56.767679 #7325]  INFO -- : 16
I, [2013-08-29T22:49:56.768030 #7325]  INFO -- : 16
I, [2013-08-29T22:49:56.768392 #7325]  INFO -- : 16
I, [2013-08-29T22:49:56.768714 #7325]  INFO -- : 16
I, [2013-08-29T22:49:56.769039 #7325]  INFO -- : 16
I, [2013-08-29T22:49:56.769405 #7325]  INFO -- : 16
I, [2013-08-29T22:49:56.769727 #7325]  INFO -- : 16
I, [2013-08-29T22:49:56.770050 #7325]  INFO -- : 16
I, [2013-08-29T22:49:56.770427 #7325]  INFO -- : 16
I, [2013-08-29T22:49:57.262669 #7325]  INFO -- : 17
I, [2013-08-29T22:49:57.263202 #7325]  INFO -- : 17
I, [2013-08-29T22:49:57.263576 #7325]  INFO -- : 17
I, [2013-08-29T22:49:57.264011 #7325]  INFO -- : 17
I, [2013-08-29T22:49:57.264384 #7325]  INFO -- : 17
I, [2013-08-29T22:49:57.264768 #7325]  INFO -- : 17
I, [2013-08-29T22:49:57.265203 #7325]  INFO -- : 17
I, [2013-08-29T22:49:57.265574 #7325]  INFO -- : 17
I, [2013-08-29T22:49:57.265932 #7325]  INFO -- : 17
I, [2013-08-29T22:49:57.266259 #7325]  INFO -- : 17
I, [2013-08-29T22:49:57.266584 #7325]  INFO -- : 17
I, [2013-08-29T22:49:57.266949 #7325]  INFO -- : 17
I, [2013-08-29T22:49:57.267274 #7325]  INFO -- : 17
I, [2013-08-29T22:49:57.267631 #7325]  INFO -- : 17
I, [2013-08-29T22:49:57.267983 #7325]  INFO -- : 17
I, [2013-08-29T22:49:57.268307 #7325]  INFO -- : 17
I, [2013-08-29T22:49:57.268655 #7325]  INFO -- : 17
I, [2013-08-29T22:49:57.269005 #7325]  INFO -- : 17
I, [2013-08-29T22:49:57.269388 #7325]  INFO -- : 17
I, [2013-08-29T22:49:57.269711 #7325]  INFO -- : 17
I, [2013-08-29T22:49:57.766165 #7325]  INFO -- : 18
I, [2013-08-29T22:49:57.766655 #7325]  INFO -- : 18
I, [2013-08-29T22:49:57.767051 #7325]  INFO -- : 18
I, [2013-08-29T22:49:57.767387 #7325]  INFO -- : 18
I, [2013-08-29T22:49:57.767717 #7325]  INFO -- : 18
I, [2013-08-29T22:49:57.768037 #7325]  INFO -- : 18
I, [2013-08-29T22:49:57.768169 #7325]  INFO -- : 18
I, [2013-08-29T22:49:57.768316 #7325]  INFO -- : 18
I, [2013-08-29T22:49:57.768445 #7325]  INFO -- : 18
I, [2013-08-29T22:49:57.768593 #7325]  INFO -- : 18
I, [2013-08-29T22:49:57.768722 #7325]  INFO -- : 18
I, [2013-08-29T22:49:57.768869 #7325]  INFO -- : 18
I, [2013-08-29T22:49:57.768999 #7325]  INFO -- : 18
I, [2013-08-29T22:49:57.769129 #7325]  INFO -- : 18
I, [2013-08-29T22:49:57.769276 #7325]  INFO -- : 18
I, [2013-08-29T22:49:57.769406 #7325]  INFO -- : 18
I, [2013-08-29T22:49:57.769553 #7325]  INFO -- : 18
I, [2013-08-29T22:49:57.769682 #7325]  INFO -- : 18
I, [2013-08-29T22:49:57.769812 #7325]  INFO -- : 18
I, [2013-08-29T22:49:57.769976 #7325]  INFO -- : 18
I, [2013-08-29T22:49:58.268017 #7325]  INFO -- : 19
I, [2013-08-29T22:49:58.268508 #7325]  INFO -- : 19
I, [2013-08-29T22:49:58.268861 #7325]  INFO -- : 19
I, [2013-08-29T22:49:58.269248 #7325]  INFO -- : 19
I, [2013-08-29T22:49:58.269578 #7325]  INFO -- : 19
I, [2013-08-29T22:49:58.270026 #7325]  INFO -- : 19
I, [2013-08-29T22:49:58.270357 #7325]  INFO -- : 19
I, [2013-08-29T22:49:58.270762 #7325]  INFO -- : 19
I, [2013-08-29T22:49:58.271091 #7325]  INFO -- : 19
I, [2013-08-29T22:49:58.271473 #7325]  INFO -- : 19
I, [2013-08-29T22:49:58.271883 #7325]  INFO -- : 19
I, [2013-08-29T22:49:58.272053 #7325]  INFO -- : 19
I, [2013-08-29T22:49:58.272185 #7325]  INFO -- : 19
I, [2013-08-29T22:49:58.272332 #7325]  INFO -- : 19
I, [2013-08-29T22:49:58.272463 #7325]  INFO -- : 19
I, [2013-08-29T22:49:58.272614 #7325]  INFO -- : 19
I, [2013-08-29T22:49:58.272744 #7325]  INFO -- : 19
I, [2013-08-29T22:49:58.272875 #7325]  INFO -- : 19
I, [2013-08-29T22:49:58.273039 #7325]  INFO -- : 19
I, [2013-08-29T22:49:58.273169 #7325]  INFO -- : 19
I, [2013-08-29T22:49:58.779077 #7325]  INFO -- : 20
I, [2013-08-29T22:49:58.779631 #7325]  INFO -- : 20
I, [2013-08-29T22:49:58.780093 #7325]  INFO -- : 20
I, [2013-08-29T22:49:58.780513 #7325]  INFO -- : 20
I, [2013-08-29T22:49:58.780911 #7325]  INFO -- : 20
I, [2013-08-29T22:49:58.781250 #7325]  INFO -- : 20
I, [2013-08-29T22:49:58.781624 #7325]  INFO -- : 20
I, [2013-08-29T22:49:58.781959 #7325]  INFO -- : 20
I, [2013-08-29T22:49:58.785027 #7325]  INFO -- : 20
I, [2013-08-29T22:49:58.785440 #7325]  INFO -- : 20
I, [2013-08-29T22:49:58.785776 #7325]  INFO -- : 20
I, [2013-08-29T22:49:58.786153 #7325]  INFO -- : 20
I, [2013-08-29T22:49:58.786484 #7325]  INFO -- : 20
I, [2013-08-29T22:49:58.786813 #7325]  INFO -- : 20
I, [2013-08-29T22:49:58.787184 #7325]  INFO -- : 20
I, [2013-08-29T22:49:58.787521 #7325]  INFO -- : 20
I, [2013-08-29T22:49:58.787986 #7325]  INFO -- : 20
I, [2013-08-29T22:49:58.788319 #7325]  INFO -- : 20
I, [2013-08-29T22:49:58.788760 #7325]  INFO -- : 20
I, [2013-08-29T22:49:58.789129 #7325]  INFO -- : 20
I, [2013-08-29T22:49:58.789366 #7325]  INFO -- : 29.8.2013
I, [2013-08-29T22:49:58.789663 #7325]  INFO -- : [0, 0, 0, 400, 0, 0, 0]
I, [2013-08-29T22:51:16.669707 #7361]  INFO -- : ---====== S T A R T E D =====---
I, [2013-08-29T22:51:21.445989 #7361]  INFO -- : 10
I, [2013-08-29T22:51:26.457555 #7361]  INFO -- : 20
I, [2013-08-29T22:51:26.457882 #7361]  INFO -- : 29.8.2013
I, [2013-08-29T22:51:26.458114 #7361]  INFO -- : [0, 0, 0, 400, 0, 0, 0]
I, [2013-08-29T22:53:23.363633 #7494]  INFO -- : ---====== S T A R T E D =====---
I, [2013-08-29T23:01:58.901455 #7494]  INFO -- : 1000
